#
# There is insufficient memory for the Java Runtime Environment to continue.
# Native memory allocation (malloc) failed to allocate 1358560 bytes for Chunk::new
# Possible reasons:
#   The system is out of physical RAM or swap space
#   The process is running with CompressedOops enabled, and the Java Heap may be blocking the growth of the native heap
# Possible solutions:
#   Reduce memory load on the system
#   Increase physical memory or swap space
#   Check if swap backing store is full
#   Decrease Java heap size (-Xmx/-Xms)
#   Decrease number of Java threads
#   Decrease Java thread stack sizes (-Xss)
#   Set larger code cache with -XX:ReservedCodeCacheSize=
#   JVM is running with Zero Based Compressed Oops mode in which the Java heap is
#     placed in the first 32GB address space. The Java Heap base address is the
#     maximum limit for the native heap growth. Please use -XX:HeapBaseMinAddress
#     to set the Java Heap base and to place the Java Heap above 32GB virtual address.
# This output file may be truncated or incomplete.
#
#  Out of Memory Error (arena.cpp:195), pid=19580, tid=20524
#
# JRE version: Java(TM) SE Runtime Environment (16.0.1+9) (build 16.0.1+9-24)
# Java VM: Java HotSpot(TM) 64-Bit Server VM (16.0.1+9-24, mixed mode, sharing, tiered, compressed oops, compressed class ptrs, g1 gc, windows-amd64)
# No core dump will be written. Minidumps are not enabled by default on client versions of Windows
#

---------------  S U M M A R Y ------------

Command Line: -ea -Didea.test.cyclic.buffer.size=1048576 -javaagent:C:\Program Files\JetBrains\IntelliJ IDEA 2021.1.2\lib\idea_rt.jar=63581:C:\Program Files\JetBrains\IntelliJ IDEA 2021.1.2\bin -Dfile.encoding=UTF-8 com.intellij.rt.junit.JUnitStarter -ideVersion5 -junit5 com.example.task17.Task17ApplicationTests

Host: AMD Ryzen 5 4500U with Radeon Graphics         , 6 cores, 15G,  Windows 10 , 64 bit Build 19041 (10.0.19041.1348)
Time: Mon Jan 10 11:16:37 2022  Windows 10 , 64 bit Build 19041 (10.0.19041.1348) elapsed time: 2.393172 seconds (0d 0h 0m 2s)

---------------  T H R E A D  ---------------

Current thread (0x000002f04feedf20):  JavaThread "C2 CompilerThread0" daemon [_thread_in_native, id=20524, stack(0x000000f907900000,0x000000f907a00000)]


Current CompileTask:
C2:   2393 1950       4       java.lang.invoke.MethodType::makeImpl (108 bytes)

Stack: [0x000000f907900000,0x000000f907a00000]
Native frames: (J=compiled Java code, j=interpreted, Vv=VM code, C=native code)
V  [jvm.dll+0x6687ca]
V  [jvm.dll+0x7ca3c9]
V  [jvm.dll+0x7cbb53]
V  [jvm.dll+0x7cc1b3]
V  [jvm.dll+0x242ea5]
V  [jvm.dll+0xadeca]
V  [jvm.dll+0xae5ac]
V  [jvm.dll+0x35af27]
V  [jvm.dll+0x3253d1]
V  [jvm.dll+0x32487a]
V  [jvm.dll+0x215f3c]
V  [jvm.dll+0x215350]
V  [jvm.dll+0x1a1d9b]
V  [jvm.dll+0x2253a8]
V  [jvm.dll+0x2233ec]
V  [jvm.dll+0x780002]
V  [jvm.dll+0x779b4a]
V  [jvm.dll+0x667666]
C  [ucrtbase.dll+0x21bb2]
C  [KERNEL32.DLL+0x17034]
C  [ntdll.dll+0x52651]


---------------  P R O C E S S  ---------------

Threads class SMR info:
_java_thread_list=0x000002f051f0f750, length=15, elements={
0x000002f02dc258f0, 0x000002f04fed39b0, 0x000002f04fed4740, 0x000002f04fee9420,
0x000002f04fee9d30, 0x000002f04feea730, 0x000002f04feeb130, 0x000002f04feedf20,
0x000002f04fef2b10, 0x000002f04fef4d70, 0x000002f04feb1c40, 0x000002f050adac70,
0x000002f050adb590, 0x000002f0510e9330, 0x000002f0524ce0c0
}

Java Threads: ( => current thread )
  0x000002f02dc258f0 JavaThread "main" [_thread_in_vm, id=21068, stack(0x000000f906c00000,0x000000f906d00000)]
  0x000002f04fed39b0 JavaThread "Reference Handler" daemon [_thread_blocked, id=20824, stack(0x000000f907300000,0x000000f907400000)]
  0x000002f04fed4740 JavaThread "Finalizer" daemon [_thread_blocked, id=14900, stack(0x000000f907400000,0x000000f907500000)]
  0x000002f04fee9420 JavaThread "Signal Dispatcher" daemon [_thread_blocked, id=17160, stack(0x000000f907500000,0x000000f907600000)]
  0x000002f04fee9d30 JavaThread "Attach Listener" daemon [_thread_blocked, id=16868, stack(0x000000f907600000,0x000000f907700000)]
  0x000002f04feea730 JavaThread "Service Thread" daemon [_thread_blocked, id=20728, stack(0x000000f907700000,0x000000f907800000)]
  0x000002f04feeb130 JavaThread "Monitor Deflation Thread" daemon [_thread_blocked, id=15204, stack(0x000000f907800000,0x000000f907900000)]
=>0x000002f04feedf20 JavaThread "C2 CompilerThread0" daemon [_thread_in_native, id=20524, stack(0x000000f907900000,0x000000f907a00000)]
  0x000002f04fef2b10 JavaThread "C1 CompilerThread0" daemon [_thread_blocked, id=13176, stack(0x000000f907a00000,0x000000f907b00000)]
  0x000002f04fef4d70 JavaThread "Sweeper thread" daemon [_thread_blocked, id=15384, stack(0x000000f907b00000,0x000000f907c00000)]
  0x000002f04feb1c40 JavaThread "Common-Cleaner" daemon [_thread_blocked, id=14204, stack(0x000000f907c00000,0x000000f907d00000)]
  0x000002f050adac70 JavaThread "Monitor Ctrl-Break" daemon [_thread_in_native, id=10008, stack(0x000000f907d00000,0x000000f907e00000)]
  0x000002f050adb590 JavaThread "Notification Thread" daemon [_thread_blocked, id=16740, stack(0x000000f907e00000,0x000000f907f00000)]
  0x000002f0510e9330 JavaThread "C2 CompilerThread1" daemon [_thread_in_native, id=20120, stack(0x000000f908000000,0x000000f908100000)]
  0x000002f0524ce0c0 JavaThread "background-preinit" [_thread_in_vm, id=8832, stack(0x000000f908700000,0x000000f908800000)]

Other Threads:
  0x000002f04fec9c80 VMThread "VM Thread" [stack: 0x000000f907200000,0x000000f907300000] [id=18728]
  0x000002f050ae33b0 WatcherThread [stack: 0x000000f907f00000,0x000000f908000000] [id=20748]
  0x000002f02dc767c0 GCTaskThread "GC Thread#0" [stack: 0x000000f906d00000,0x000000f906e00000] [id=6820]
  0x000002f0515a6560 GCTaskThread "GC Thread#1" [stack: 0x000000f908100000,0x000000f908200000] [id=17964]
  0x000002f051e1ab50 GCTaskThread "GC Thread#2" [stack: 0x000000f908200000,0x000000f908300000] [id=17100]
  0x000002f051c45dd0 GCTaskThread "GC Thread#3" [stack: 0x000000f908300000,0x000000f908400000] [id=13836]
  0x000002f051c46560 GCTaskThread "GC Thread#4" [stack: 0x000000f908400000,0x000000f908500000] [id=32]
  0x000002f05190b650 GCTaskThread "GC Thread#5" [stack: 0x000000f908500000,0x000000f908600000] [id=20440]
  0x000002f02dc82860 ConcurrentGCThread "G1 Main Marker" [stack: 0x000000f906e00000,0x000000f906f00000] [id=19376]
  0x000002f02bb9e860 ConcurrentGCThread "G1 Conc#0" [stack: 0x000000f906f00000,0x000000f907000000] [id=17400]
  0x000002f04fd820c0 ConcurrentGCThread "G1 Refine#0" [stack: 0x000000f907000000,0x000000f907100000] [id=12360]
  0x000002f051c46870 ConcurrentGCThread "G1 Refine#1" [stack: 0x000000f908600000,0x000000f908700000] [id=1204]
  0x000002f04fd83ad0 ConcurrentGCThread "G1 Service" [stack: 0x000000f907100000,0x000000f907200000] [id=12676]

Threads with active compile tasks:
C2 CompilerThread0     2424 1950       4       java.lang.invoke.MethodType::makeImpl (108 bytes)
C2 CompilerThread1     2424 1746       4       jdk.internal.org.objectweb.asm.Frame::execute (2305 bytes)

VM state: not at safepoint (normal execution)

VM Mutex/Monitor currently owned by a thread:  ([mutex/lock_event])
[0x000002f02dc16f20] MetaspaceExpand_lock - owner thread: 0x000002f0524ce0c0

Heap address: 0x000000070a200000, size: 3934 MB, Compressed Oops mode: Zero based, Oop shift amount: 3

CDS archive(s) mapped at: [0x0000000800000000-0x0000000800bb0000-0x0000000800bb0000), size 12255232, SharedBaseAddress: 0x0000000800000000, ArchiveRelocationMode: 0.
Compressed class space mapped at: 0x0000000800c00000-0x0000000840c00000, reserved size: 1073741824
Narrow klass base: 0x0000000800000000, Narrow klass shift: 3, Narrow klass range: 0x100000000

GC Precious Log:
 CPUs: 6 total, 6 available
 Memory: 15733M
 Large Page Support: Disabled
 NUMA Support: Disabled
 Compressed Oops: Enabled (Zero based)
 Heap Region Size: 2M
 Heap Min Capacity: 8M
 Heap Initial Capacity: 246M
 Heap Max Capacity: 3934M
 Pre-touch: Disabled
 Parallel Workers: 6
 Concurrent Workers: 2
 Concurrent Refinement Workers: 6
 Periodic GC: Disabled

Heap:
 garbage-first heap   total 251904K, used 37617K [0x000000070a200000, 0x0000000800000000)
  region size 2048K, 17 young (34816K), 1 survivors (2048K)
 Metaspace       used 14433K, committed 14592K, reserved 1064960K
  class space    used 1834K, committed 1920K, reserved 1048576K

Heap Regions: E=young(eden), S=young(survivor), O=old, HS=humongous(starts), HC=humongous(continues), CS=collection set, F=free, OA=open archive, CA=closed archive, TAMS=top-at-mark-start (previous, next)
|   0|0x000000070a200000, 0x000000070a400000, 0x000000070a400000|100%| O|  |TAMS 0x000000070a200000, 0x000000070a200000| Untracked 
|   1|0x000000070a400000, 0x000000070a600000, 0x000000070a600000|100%| O|  |TAMS 0x000000070a400000, 0x000000070a400000| Untracked 
|   2|0x000000070a600000, 0x000000070a800000, 0x000000070a800000|100%| O|  |TAMS 0x000000070a600000, 0x000000070a600000| Untracked 
|   3|0x000000070a800000, 0x000000070a965200, 0x000000070aa00000| 69%| O|  |TAMS 0x000000070a800000, 0x000000070a800000| Untracked 
|   4|0x000000070aa00000, 0x000000070aa00000, 0x000000070ac00000|  0%| F|  |TAMS 0x000000070aa00000, 0x000000070aa00000| Untracked 
|   5|0x000000070ac00000, 0x000000070ac00000, 0x000000070ae00000|  0%| F|  |TAMS 0x000000070ac00000, 0x000000070ac00000| Untracked 
|   6|0x000000070ae00000, 0x000000070ae00000, 0x000000070b000000|  0%| F|  |TAMS 0x000000070ae00000, 0x000000070ae00000| Untracked 
|   7|0x000000070b000000, 0x000000070b000000, 0x000000070b200000|  0%| F|  |TAMS 0x000000070b000000, 0x000000070b000000| Untracked 
|   8|0x000000070b200000, 0x000000070b200000, 0x000000070b400000|  0%| F|  |TAMS 0x000000070b200000, 0x000000070b200000| Untracked 
|   9|0x000000070b400000, 0x000000070b400000, 0x000000070b600000|  0%| F|  |TAMS 0x000000070b400000, 0x000000070b400000| Untracked 
|  10|0x000000070b600000, 0x000000070b600000, 0x000000070b800000|  0%| F|  |TAMS 0x000000070b600000, 0x000000070b600000| Untracked 
|  11|0x000000070b800000, 0x000000070b800000, 0x000000070ba00000|  0%| F|  |TAMS 0x000000070b800000, 0x000000070b800000| Untracked 
|  12|0x000000070ba00000, 0x000000070ba00000, 0x000000070bc00000|  0%| F|  |TAMS 0x000000070ba00000, 0x000000070ba00000| Untracked 
|  13|0x000000070bc00000, 0x000000070bc00000, 0x000000070be00000|  0%| F|  |TAMS 0x000000070bc00000, 0x000000070bc00000| Untracked 
|  14|0x000000070be00000, 0x000000070be00000, 0x000000070c000000|  0%| F|  |TAMS 0x000000070be00000, 0x000000070be00000| Untracked 
|  15|0x000000070c000000, 0x000000070c000000, 0x000000070c200000|  0%| F|  |TAMS 0x000000070c000000, 0x000000070c000000| Untracked 
|  16|0x000000070c200000, 0x000000070c200000, 0x000000070c400000|  0%| F|  |TAMS 0x000000070c200000, 0x000000070c200000| Untracked 
|  17|0x000000070c400000, 0x000000070c400000, 0x000000070c600000|  0%| F|  |TAMS 0x000000070c400000, 0x000000070c400000| Untracked 
|  18|0x000000070c600000, 0x000000070c600000, 0x000000070c800000|  0%| F|  |TAMS 0x000000070c600000, 0x000000070c600000| Untracked 
|  19|0x000000070c800000, 0x000000070c800000, 0x000000070ca00000|  0%| F|  |TAMS 0x000000070c800000, 0x000000070c800000| Untracked 
|  20|0x000000070ca00000, 0x000000070ca00000, 0x000000070cc00000|  0%| F|  |TAMS 0x000000070ca00000, 0x000000070ca00000| Untracked 
|  21|0x000000070cc00000, 0x000000070cc00000, 0x000000070ce00000|  0%| F|  |TAMS 0x000000070cc00000, 0x000000070cc00000| Untracked 
|  22|0x000000070ce00000, 0x000000070ce00000, 0x000000070d000000|  0%| F|  |TAMS 0x000000070ce00000, 0x000000070ce00000| Untracked 
|  23|0x000000070d000000, 0x000000070d000000, 0x000000070d200000|  0%| F|  |TAMS 0x000000070d000000, 0x000000070d000000| Untracked 
|  24|0x000000070d200000, 0x000000070d200000, 0x000000070d400000|  0%| F|  |TAMS 0x000000070d200000, 0x000000070d200000| Untracked 
|  25|0x000000070d400000, 0x000000070d400000, 0x000000070d600000|  0%| F|  |TAMS 0x000000070d400000, 0x000000070d400000| Untracked 
|  26|0x000000070d600000, 0x000000070d600000, 0x000000070d800000|  0%| F|  |TAMS 0x000000070d600000, 0x000000070d600000| Untracked 
|  27|0x000000070d800000, 0x000000070d800000, 0x000000070da00000|  0%| F|  |TAMS 0x000000070d800000, 0x000000070d800000| Untracked 
|  28|0x000000070da00000, 0x000000070da00000, 0x000000070dc00000|  0%| F|  |TAMS 0x000000070da00000, 0x000000070da00000| Untracked 
|  29|0x000000070dc00000, 0x000000070dc00000, 0x000000070de00000|  0%| F|  |TAMS 0x000000070dc00000, 0x000000070dc00000| Untracked 
|  30|0x000000070de00000, 0x000000070de00000, 0x000000070e000000|  0%| F|  |TAMS 0x000000070de00000, 0x000000070de00000| Untracked 
|  31|0x000000070e000000, 0x000000070e000000, 0x000000070e200000|  0%| F|  |TAMS 0x000000070e000000, 0x000000070e000000| Untracked 
|  32|0x000000070e200000, 0x000000070e200000, 0x000000070e400000|  0%| F|  |TAMS 0x000000070e200000, 0x000000070e200000| Untracked 
|  33|0x000000070e400000, 0x000000070e400000, 0x000000070e600000|  0%| F|  |TAMS 0x000000070e400000, 0x000000070e400000| Untracked 
|  34|0x000000070e600000, 0x000000070e600000, 0x000000070e800000|  0%| F|  |TAMS 0x000000070e600000, 0x000000070e600000| Untracked 
|  35|0x000000070e800000, 0x000000070e800000, 0x000000070ea00000|  0%| F|  |TAMS 0x000000070e800000, 0x000000070e800000| Untracked 
|  36|0x000000070ea00000, 0x000000070ea00000, 0x000000070ec00000|  0%| F|  |TAMS 0x000000070ea00000, 0x000000070ea00000| Untracked 
|  37|0x000000070ec00000, 0x000000070ec00000, 0x000000070ee00000|  0%| F|  |TAMS 0x000000070ec00000, 0x000000070ec00000| Untracked 
|  38|0x000000070ee00000, 0x000000070ee00000, 0x000000070f000000|  0%| F|  |TAMS 0x000000070ee00000, 0x000000070ee00000| Untracked 
|  39|0x000000070f000000, 0x000000070f000000, 0x000000070f200000|  0%| F|  |TAMS 0x000000070f000000, 0x000000070f000000| Untracked 
|  40|0x000000070f200000, 0x000000070f200000, 0x000000070f400000|  0%| F|  |TAMS 0x000000070f200000, 0x000000070f200000| Untracked 
|  41|0x000000070f400000, 0x000000070f400000, 0x000000070f600000|  0%| F|  |TAMS 0x000000070f400000, 0x000000070f400000| Untracked 
|  42|0x000000070f600000, 0x000000070f600000, 0x000000070f800000|  0%| F|  |TAMS 0x000000070f600000, 0x000000070f600000| Untracked 
|  43|0x000000070f800000, 0x000000070f800000, 0x000000070fa00000|  0%| F|  |TAMS 0x000000070f800000, 0x000000070f800000| Untracked 
|  44|0x000000070fa00000, 0x000000070fa00000, 0x000000070fc00000|  0%| F|  |TAMS 0x000000070fa00000, 0x000000070fa00000| Untracked 
|  45|0x000000070fc00000, 0x000000070fc00000, 0x000000070fe00000|  0%| F|  |TAMS 0x000000070fc00000, 0x000000070fc00000| Untracked 
|  46|0x000000070fe00000, 0x000000070fe00000, 0x0000000710000000|  0%| F|  |TAMS 0x000000070fe00000, 0x000000070fe00000| Untracked 
|  47|0x0000000710000000, 0x0000000710000000, 0x0000000710200000|  0%| F|  |TAMS 0x0000000710000000, 0x0000000710000000| Untracked 
|  48|0x0000000710200000, 0x0000000710200000, 0x0000000710400000|  0%| F|  |TAMS 0x0000000710200000, 0x0000000710200000| Untracked 
|  49|0x0000000710400000, 0x0000000710400000, 0x0000000710600000|  0%| F|  |TAMS 0x0000000710400000, 0x0000000710400000| Untracked 
|  50|0x0000000710600000, 0x0000000710600000, 0x0000000710800000|  0%| F|  |TAMS 0x0000000710600000, 0x0000000710600000| Untracked 
|  51|0x0000000710800000, 0x0000000710800000, 0x0000000710a00000|  0%| F|  |TAMS 0x0000000710800000, 0x0000000710800000| Untracked 
|  52|0x0000000710a00000, 0x0000000710a00000, 0x0000000710c00000|  0%| F|  |TAMS 0x0000000710a00000, 0x0000000710a00000| Untracked 
|  53|0x0000000710c00000, 0x0000000710c00000, 0x0000000710e00000|  0%| F|  |TAMS 0x0000000710c00000, 0x0000000710c00000| Untracked 
|  54|0x0000000710e00000, 0x0000000710e00000, 0x0000000711000000|  0%| F|  |TAMS 0x0000000710e00000, 0x0000000710e00000| Untracked 
|  55|0x0000000711000000, 0x0000000711000000, 0x0000000711200000|  0%| F|  |TAMS 0x0000000711000000, 0x0000000711000000| Untracked 
|  56|0x0000000711200000, 0x0000000711200000, 0x0000000711400000|  0%| F|  |TAMS 0x0000000711200000, 0x0000000711200000| Untracked 
|  57|0x0000000711400000, 0x0000000711400000, 0x0000000711600000|  0%| F|  |TAMS 0x0000000711400000, 0x0000000711400000| Untracked 
|  58|0x0000000711600000, 0x0000000711600000, 0x0000000711800000|  0%| F|  |TAMS 0x0000000711600000, 0x0000000711600000| Untracked 
|  59|0x0000000711800000, 0x0000000711800000, 0x0000000711a00000|  0%| F|  |TAMS 0x0000000711800000, 0x0000000711800000| Untracked 
|  60|0x0000000711a00000, 0x0000000711a00000, 0x0000000711c00000|  0%| F|  |TAMS 0x0000000711a00000, 0x0000000711a00000| Untracked 
|  61|0x0000000711c00000, 0x0000000711c00000, 0x0000000711e00000|  0%| F|  |TAMS 0x0000000711c00000, 0x0000000711c00000| Untracked 
|  62|0x0000000711e00000, 0x0000000711e00000, 0x0000000712000000|  0%| F|  |TAMS 0x0000000711e00000, 0x0000000711e00000| Untracked 
|  63|0x0000000712000000, 0x0000000712000000, 0x0000000712200000|  0%| F|  |TAMS 0x0000000712000000, 0x0000000712000000| Untracked 
|  64|0x0000000712200000, 0x0000000712200000, 0x0000000712400000|  0%| F|  |TAMS 0x0000000712200000, 0x0000000712200000| Untracked 
|  65|0x0000000712400000, 0x0000000712400000, 0x0000000712600000|  0%| F|  |TAMS 0x0000000712400000, 0x0000000712400000| Untracked 
|  66|0x0000000712600000, 0x0000000712600000, 0x0000000712800000|  0%| F|  |TAMS 0x0000000712600000, 0x0000000712600000| Untracked 
|  67|0x0000000712800000, 0x0000000712800000, 0x0000000712a00000|  0%| F|  |TAMS 0x0000000712800000, 0x0000000712800000| Untracked 
|  68|0x0000000712a00000, 0x0000000712a00000, 0x0000000712c00000|  0%| F|  |TAMS 0x0000000712a00000, 0x0000000712a00000| Untracked 
|  69|0x0000000712c00000, 0x0000000712c00000, 0x0000000712e00000|  0%| F|  |TAMS 0x0000000712c00000, 0x0000000712c00000| Untracked 
|  70|0x0000000712e00000, 0x0000000712e00000, 0x0000000713000000|  0%| F|  |TAMS 0x0000000712e00000, 0x0000000712e00000| Untracked 
|  71|0x0000000713000000, 0x0000000713000000, 0x0000000713200000|  0%| F|  |TAMS 0x0000000713000000, 0x0000000713000000| Untracked 
|  72|0x0000000713200000, 0x0000000713200000, 0x0000000713400000|  0%| F|  |TAMS 0x0000000713200000, 0x0000000713200000| Untracked 
|  73|0x0000000713400000, 0x0000000713400000, 0x0000000713600000|  0%| F|  |TAMS 0x0000000713400000, 0x0000000713400000| Untracked 
|  74|0x0000000713600000, 0x0000000713600000, 0x0000000713800000|  0%| F|  |TAMS 0x0000000713600000, 0x0000000713600000| Untracked 
|  75|0x0000000713800000, 0x0000000713800000, 0x0000000713a00000|  0%| F|  |TAMS 0x0000000713800000, 0x0000000713800000| Untracked 
|  76|0x0000000713a00000, 0x0000000713a00000, 0x0000000713c00000|  0%| F|  |TAMS 0x0000000713a00000, 0x0000000713a00000| Untracked 
|  77|0x0000000713c00000, 0x0000000713c00000, 0x0000000713e00000|  0%| F|  |TAMS 0x0000000713c00000, 0x0000000713c00000| Untracked 
|  78|0x0000000713e00000, 0x0000000713e00000, 0x0000000714000000|  0%| F|  |TAMS 0x0000000713e00000, 0x0000000713e00000| Untracked 
|  79|0x0000000714000000, 0x0000000714000000, 0x0000000714200000|  0%| F|  |TAMS 0x0000000714000000, 0x0000000714000000| Untracked 
|  80|0x0000000714200000, 0x0000000714200000, 0x0000000714400000|  0%| F|  |TAMS 0x0000000714200000, 0x0000000714200000| Untracked 
|  81|0x0000000714400000, 0x0000000714400000, 0x0000000714600000|  0%| F|  |TAMS 0x0000000714400000, 0x0000000714400000| Untracked 
|  82|0x0000000714600000, 0x0000000714600000, 0x0000000714800000|  0%| F|  |TAMS 0x0000000714600000, 0x0000000714600000| Untracked 
|  83|0x0000000714800000, 0x0000000714800000, 0x0000000714a00000|  0%| F|  |TAMS 0x0000000714800000, 0x0000000714800000| Untracked 
|  84|0x0000000714a00000, 0x0000000714a00000, 0x0000000714c00000|  0%| F|  |TAMS 0x0000000714a00000, 0x0000000714a00000| Untracked 
|  85|0x0000000714c00000, 0x0000000714c00000, 0x0000000714e00000|  0%| F|  |TAMS 0x0000000714c00000, 0x0000000714c00000| Untracked 
|  86|0x0000000714e00000, 0x0000000714e00000, 0x0000000715000000|  0%| F|  |TAMS 0x0000000714e00000, 0x0000000714e00000| Untracked 
|  87|0x0000000715000000, 0x0000000715000000, 0x0000000715200000|  0%| F|  |TAMS 0x0000000715000000, 0x0000000715000000| Untracked 
|  88|0x0000000715200000, 0x0000000715200000, 0x0000000715400000|  0%| F|  |TAMS 0x0000000715200000, 0x0000000715200000| Untracked 
|  89|0x0000000715400000, 0x0000000715400000, 0x0000000715600000|  0%| F|  |TAMS 0x0000000715400000, 0x0000000715400000| Untracked 
|  90|0x0000000715600000, 0x0000000715600000, 0x0000000715800000|  0%| F|  |TAMS 0x0000000715600000, 0x0000000715600000| Untracked 
|  91|0x0000000715800000, 0x0000000715800000, 0x0000000715a00000|  0%| F|  |TAMS 0x0000000715800000, 0x0000000715800000| Untracked 
|  92|0x0000000715a00000, 0x0000000715a00000, 0x0000000715c00000|  0%| F|  |TAMS 0x0000000715a00000, 0x0000000715a00000| Untracked 
|  93|0x0000000715c00000, 0x0000000715c00000, 0x0000000715e00000|  0%| F|  |TAMS 0x0000000715c00000, 0x0000000715c00000| Untracked 
|  94|0x0000000715e00000, 0x0000000715e00000, 0x0000000716000000|  0%| F|  |TAMS 0x0000000715e00000, 0x0000000715e00000| Untracked 
|  95|0x0000000716000000, 0x0000000716000000, 0x0000000716200000|  0%| F|  |TAMS 0x0000000716000000, 0x0000000716000000| Untracked 
|  96|0x0000000716200000, 0x0000000716200000, 0x0000000716400000|  0%| F|  |TAMS 0x0000000716200000, 0x0000000716200000| Untracked 
|  97|0x0000000716400000, 0x0000000716400000, 0x0000000716600000|  0%| F|  |TAMS 0x0000000716400000, 0x0000000716400000| Untracked 
|  98|0x0000000716600000, 0x0000000716600000, 0x0000000716800000|  0%| F|  |TAMS 0x0000000716600000, 0x0000000716600000| Untracked 
|  99|0x0000000716800000, 0x0000000716800000, 0x0000000716a00000|  0%| F|  |TAMS 0x0000000716800000, 0x0000000716800000| Untracked 
| 100|0x0000000716a00000, 0x0000000716a00000, 0x0000000716c00000|  0%| F|  |TAMS 0x0000000716a00000, 0x0000000716a00000| Untracked 
| 101|0x0000000716c00000, 0x0000000716c00000, 0x0000000716e00000|  0%| F|  |TAMS 0x0000000716c00000, 0x0000000716c00000| Untracked 
| 102|0x0000000716e00000, 0x0000000716e00000, 0x0000000717000000|  0%| F|  |TAMS 0x0000000716e00000, 0x0000000716e00000| Untracked 
| 103|0x0000000717000000, 0x0000000717000000, 0x0000000717200000|  0%| F|  |TAMS 0x0000000717000000, 0x0000000717000000| Untracked 
| 104|0x0000000717200000, 0x0000000717200000, 0x0000000717400000|  0%| F|  |TAMS 0x0000000717200000, 0x0000000717200000| Untracked 
| 105|0x0000000717400000, 0x0000000717400000, 0x0000000717600000|  0%| F|  |TAMS 0x0000000717400000, 0x0000000717400000| Untracked 
| 106|0x0000000717600000, 0x00000007176df4e8, 0x0000000717800000| 43%| E|  |TAMS 0x0000000717600000, 0x0000000717600000| Complete 
| 107|0x0000000717800000, 0x0000000717a00000, 0x0000000717a00000|100%| E|  |TAMS 0x0000000717800000, 0x0000000717800000| Complete 
| 108|0x0000000717a00000, 0x0000000717c00000, 0x0000000717c00000|100%| E|CS|TAMS 0x0000000717a00000, 0x0000000717a00000| Complete 
| 109|0x0000000717c00000, 0x0000000717e00000, 0x0000000717e00000|100%| E|CS|TAMS 0x0000000717c00000, 0x0000000717c00000| Complete 
| 110|0x0000000717e00000, 0x0000000718000000, 0x0000000718000000|100%| E|CS|TAMS 0x0000000717e00000, 0x0000000717e00000| Complete 
| 111|0x0000000718000000, 0x0000000718200000, 0x0000000718200000|100%| E|CS|TAMS 0x0000000718000000, 0x0000000718000000| Complete 
| 112|0x0000000718200000, 0x0000000718400000, 0x0000000718400000|100%| E|CS|TAMS 0x0000000718200000, 0x0000000718200000| Complete 
| 113|0x0000000718400000, 0x0000000718600000, 0x0000000718600000|100%| E|CS|TAMS 0x0000000718400000, 0x0000000718400000| Complete 
| 114|0x0000000718600000, 0x0000000718800000, 0x0000000718800000|100%| E|CS|TAMS 0x0000000718600000, 0x0000000718600000| Complete 
| 115|0x0000000718800000, 0x0000000718957410, 0x0000000718a00000| 67%| S|CS|TAMS 0x0000000718800000, 0x0000000718800000| Complete 
| 116|0x0000000718a00000, 0x0000000718c00000, 0x0000000718c00000|100%| E|CS|TAMS 0x0000000718a00000, 0x0000000718a00000| Complete 
| 117|0x0000000718c00000, 0x0000000718e00000, 0x0000000718e00000|100%| E|CS|TAMS 0x0000000718c00000, 0x0000000718c00000| Complete 
| 118|0x0000000718e00000, 0x0000000719000000, 0x0000000719000000|100%| E|CS|TAMS 0x0000000718e00000, 0x0000000718e00000| Complete 
| 119|0x0000000719000000, 0x0000000719200000, 0x0000000719200000|100%| E|CS|TAMS 0x0000000719000000, 0x0000000719000000| Complete 
| 120|0x0000000719200000, 0x0000000719400000, 0x0000000719400000|100%| E|CS|TAMS 0x0000000719200000, 0x0000000719200000| Complete 
| 121|0x0000000719400000, 0x0000000719600000, 0x0000000719600000|100%| E|CS|TAMS 0x0000000719400000, 0x0000000719400000| Complete 
| 122|0x0000000719600000, 0x0000000719800000, 0x0000000719800000|100%| E|CS|TAMS 0x0000000719600000, 0x0000000719600000| Complete 

Card table byte_map: [0x000002f044c50000,0x000002f045400000] _byte_map_base: 0x000002f0413ff000

Marking Bits (Prev, Next): (CMBitMap*) 0x000002f02bb99fe0, (CMBitMap*) 0x000002f02bb9a020
 Prev Bits: [0x000002f045bb0000, 0x000002f049928000)
 Next Bits: [0x000002f049930000, 0x000002f04d6a8000)

Polling page: 0x000002f02bc00000

Metaspace:

Usage:
  Non-class:     12.30 MB used.
      Class:      1.79 MB used.
       Both:     14.09 MB used.

Virtual space:
  Non-class space:       16.00 MB reserved,      12.38 MB ( 77%) committed,  2 nodes.
      Class space:        1.00 GB reserved,       1.88 MB ( <1%) committed,  1 nodes.
              Both:        1.02 GB reserved,      14.25 MB (  1%) committed. 

Chunk freelists:
   Non-Class:  3.11 MB
       Class:  2.09 MB
        Both:  5.20 MB

MaxMetaspaceSize: 17179869184.00 GB
CompressedClassSpaceSize: 1.00 GB
 - commit_granule_bytes: 65536.
 - commit_granule_words: 8192.
 - virtual_space_node_default_size: 1048576.
 - enlarge_chunks_in_place: 1.
 - new_chunks_are_fully_committed: 0.
 - uncommit_free_chunks: 1.
 - use_allocation_guard: 0.
 - handle_deallocations: 1.


Internal statistics:

num_allocs_failed_limit: 0.
num_arena_births: 202.
num_arena_deaths: 0.
num_vsnodes_births: 3.
num_vsnodes_deaths: 0.
num_space_committed: 228.
num_space_uncommitted: 0.
num_chunks_returned_to_freelist: 0.
num_chunks_taken_from_freelist: 676.
num_chunk_merges: 0.
num_chunk_splits: 436.
num_chunks_enlarged: 322.
num_purges: 0.

CodeHeap 'non-profiled nmethods': size=120000Kb used=855Kb max_used=855Kb free=119144Kb
 bounds [0x000002f03ce60000, 0x000002f03d0d0000, 0x000002f044390000]
CodeHeap 'profiled nmethods': size=120000Kb used=4023Kb max_used=4023Kb free=115976Kb
 bounds [0x000002f035930000, 0x000002f035d20000, 0x000002f03ce60000]
CodeHeap 'non-nmethods': size=5760Kb used=1194Kb max_used=1226Kb free=4565Kb
 bounds [0x000002f035390000, 0x000002f035600000, 0x000002f035930000]
 total_blobs=2526 nmethods=2035 adapters=403
 compilation: enabled
              stopped_count=0, restarted_count=0
 full_count=0

Compilation events (20 events):
Event: 2.364 Thread 0x000002f04fef2b10 2036       3       java.lang.invoke.SimpleMethodHandle::<init> (7 bytes)
Event: 2.364 Thread 0x000002f04fef2b10 nmethod 2036 0x000002f035d18090 code [0x000002f035d18240, 0x000002f035d18408]
Event: 2.365 Thread 0x000002f04fef2b10 2037       3       org.springframework.boot.context.properties.source.SpringConfigurationPropertySources$$Lambda$455/0x0000000800d8e838::apply (12 bytes)
Event: 2.365 Thread 0x000002f04fef2b10 nmethod 2037 0x000002f035d18510 code [0x000002f035d186c0, 0x000002f035d18908]
Event: 2.365 Thread 0x000002f04fef2b10 2038       3       org.springframework.boot.context.properties.source.SpringConfigurationPropertySources::adapt (72 bytes)
Event: 2.366 Thread 0x000002f04fef2b10 nmethod 2038 0x000002f035d18a10 code [0x000002f035d18c40, 0x000002f035d195f8]
Event: 2.366 Thread 0x000002f04fef2b10 2039       3       org.springframework.boot.context.properties.source.SpringConfigurationPropertySources$SourcesIterator::next (5 bytes)
Event: 2.366 Thread 0x000002f04fef2b10 nmethod 2039 0x000002f035d19810 code [0x000002f035d199e0, 0x000002f035d19cd8]
Event: 2.366 Thread 0x000002f04fef2b10 2040       3       org.springframework.boot.context.properties.source.SpringConfigurationPropertySources$SourcesIterator::next (24 bytes)
Event: 2.366 Thread 0x000002f04fef2b10 nmethod 2040 0x000002f035d19e10 code [0x000002f035d19fe0, 0x000002f035d1a278]
Event: 2.377 Thread 0x000002f04fef2b10 2041       3       java.lang.invoke.MethodHandles::makeIdentity (23 bytes)
Event: 2.378 Thread 0x000002f04fef2b10 nmethod 2041 0x000002f035d1a390 code [0x000002f035d1a600, 0x000002f035d1b038]
Event: 2.378 Thread 0x000002f04fef2b10 2042       3       java.lang.invoke.LambdaForm::identityForm (27 bytes)
Event: 2.378 Thread 0x000002f04fef2b10 nmethod 2042 0x000002f035d1b490 code [0x000002f035d1b640, 0x000002f035d1b848]
Event: 2.378 Thread 0x000002f04fef2b10 2043       3       java.lang.invoke.MethodHandle::bindTo (19 bytes)
Event: 2.379 Thread 0x000002f04fef2b10 nmethod 2043 0x000002f035d1b990 code [0x000002f035d1bba0, 0x000002f035d1c1f8]
Event: 2.387 Thread 0x000002f04fef2b10 2044       3       ch.qos.logback.classic.Logger::getChildByName (68 bytes)
Event: 2.388 Thread 0x000002f04fef2b10 nmethod 2044 0x000002f035d1c490 code [0x000002f035d1c680, 0x000002f035d1cc48]
Event: 2.390 Thread 0x000002f04fef2b10 2045       3       java.net.URI$Parser::at (23 bytes)
Event: 2.390 Thread 0x000002f04fef2b10 nmethod 2045 0x000002f035d1ce10 code [0x000002f035d1d020, 0x000002f035d1d658]

GC Heap History (4 events):
Event: 1.066 GC heap before
{Heap before GC invocations=0 (full 0):
 garbage-first heap   total 251904K, used 20480K [0x000000070a200000, 0x0000000800000000)
  region size 2048K, 10 young (20480K), 0 survivors (0K)
 Metaspace       used 4027K, committed 4160K, reserved 1056768K
  class space    used 436K, committed 512K, reserved 1048576K
}
Event: 1.071 GC heap after
{Heap after GC invocations=1 (full 0):
 garbage-first heap   total 251904K, used 7268K [0x000000070a200000, 0x0000000800000000)
  region size 2048K, 2 young (4096K), 2 survivors (4096K)
 Metaspace       used 4027K, committed 4160K, reserved 1056768K
  class space    used 436K, committed 512K, reserved 1048576K
}
Event: 1.524 GC heap before
{Heap before GC invocations=1 (full 0):
 garbage-first heap   total 251904K, used 21604K [0x000000070a200000, 0x0000000800000000)
  region size 2048K, 9 young (18432K), 2 survivors (4096K)
 Metaspace       used 7607K, committed 7808K, reserved 1056768K
  class space    used 914K, committed 1024K, reserved 1048576K
}
Event: 1.532 GC heap after
{Heap after GC invocations=2 (full 0):
 garbage-first heap   total 251904K, used 8945K [0x000000070a200000, 0x0000000800000000)
  region size 2048K, 1 young (2048K), 1 survivors (2048K)
 Metaspace       used 7607K, committed 7808K, reserved 1056768K
  class space    used 914K, committed 1024K, reserved 1048576K
}

Deoptimization events (20 events):
Event: 2.105 Thread 0x000002f02dc258f0 Uncommon trap: trap_request=0xffffffc6 fr.pc=0x000002f03cef1bf8 relative=0x0000000000001a38
Event: 2.105 Thread 0x000002f02dc258f0 Uncommon trap: reason=bimorphic_or_optimized_type_check action=maybe_recompile pc=0x000002f03cef1bf8 method=java.util.HashMap.putVal(ILjava/lang/Object;Ljava/lang/Object;ZZ)Ljava/lang/Object; @ 91 c2
Event: 2.105 Thread 0x000002f02dc258f0 DEOPT PACKING pc=0x000002f03cef1bf8 sp=0x000000f906cfbac0
Event: 2.105 Thread 0x000002f02dc258f0 DEOPT UNPACKING pc=0x000002f0353dd72e sp=0x000000f906cfb988 mode 2
Event: 2.106 Thread 0x000002f02dc258f0 Uncommon trap: trap_request=0xffffffc6 fr.pc=0x000002f03cef1bf8 relative=0x0000000000001a38
Event: 2.106 Thread 0x000002f02dc258f0 Uncommon trap: reason=bimorphic_or_optimized_type_check action=maybe_recompile pc=0x000002f03cef1bf8 method=java.util.HashMap.putVal(ILjava/lang/Object;Ljava/lang/Object;ZZ)Ljava/lang/Object; @ 91 c2
Event: 2.106 Thread 0x000002f02dc258f0 DEOPT PACKING pc=0x000002f03cef1bf8 sp=0x000000f906cfbac0
Event: 2.106 Thread 0x000002f02dc258f0 DEOPT UNPACKING pc=0x000002f0353dd72e sp=0x000000f906cfb988 mode 2
Event: 2.172 Thread 0x000002f02dc258f0 Uncommon trap: trap_request=0xffffffc6 fr.pc=0x000002f03cef1bf8 relative=0x0000000000001a38
Event: 2.172 Thread 0x000002f02dc258f0 Uncommon trap: reason=bimorphic_or_optimized_type_check action=maybe_recompile pc=0x000002f03cef1bf8 method=java.util.HashMap.putVal(ILjava/lang/Object;Ljava/lang/Object;ZZ)Ljava/lang/Object; @ 91 c2
Event: 2.172 Thread 0x000002f02dc258f0 DEOPT PACKING pc=0x000002f03cef1bf8 sp=0x000000f906cfbac0
Event: 2.172 Thread 0x000002f02dc258f0 DEOPT UNPACKING pc=0x000002f0353dd72e sp=0x000000f906cfb988 mode 2
Event: 2.172 Thread 0x000002f02dc258f0 Uncommon trap: trap_request=0xffffffc6 fr.pc=0x000002f03cf1ec2c relative=0x000000000000080c
Event: 2.172 Thread 0x000002f02dc258f0 Uncommon trap: reason=bimorphic_or_optimized_type_check action=maybe_recompile pc=0x000002f03cf1ec2c method=java.util.HashMap.putVal(ILjava/lang/Object;Ljava/lang/Object;ZZ)Ljava/lang/Object; @ 91 c2
Event: 2.172 Thread 0x000002f02dc258f0 DEOPT PACKING pc=0x000002f03cf1ec2c sp=0x000000f906cfba60
Event: 2.172 Thread 0x000002f02dc258f0 DEOPT UNPACKING pc=0x000002f0353dd72e sp=0x000000f906cfb988 mode 2
Event: 2.298 Thread 0x000002f02dc258f0 Uncommon trap: trap_request=0xffffff45 fr.pc=0x000002f03cf209e8 relative=0x00000000000013c8
Event: 2.298 Thread 0x000002f02dc258f0 Uncommon trap: reason=unstable_if action=reinterpret pc=0x000002f03cf209e8 method=java.net.URL.<init>(Ljava/net/URL;Ljava/lang/String;Ljava/net/URLStreamHandler;)V @ 347 c2
Event: 2.298 Thread 0x000002f02dc258f0 DEOPT PACKING pc=0x000002f03cf209e8 sp=0x000000f906cfc6f0
Event: 2.298 Thread 0x000002f02dc258f0 DEOPT UNPACKING pc=0x000002f0353dd72e sp=0x000000f906cfc670 mode 2

Classes unloaded (0 events):
No events

Classes redefined (0 events):
No events

Internal exceptions (20 events):
Event: 1.408 Thread 0x000002f02dc258f0 Exception <a 'java/lang/NoSuchMethodError'{0x0000000718cae8f0}: 'int java.lang.invoke.DirectMethodHandle$Holder.invokeInterface(java.lang.Object, java.lang.Object)'> (0x0000000718cae8f0) 
thrown [t:\workspace\open\src\hotspot\share\interpreter\linkResolver.cpp, line 790]
Event: 1.685 Thread 0x000002f02dc258f0 Exception <a 'java/lang/NoSuchMethodError'{0x00000007195d6ed8}: 'void java.lang.invoke.DirectMethodHandle$Holder.invokeVirtual(java.lang.Object, java.lang.Object, java.lang.Object, java.lang.Object)'> (0x00000007195d6ed8) 
thrown [t:\workspace\open\src\hotspot\share\interpreter\linkResolver.cpp, line 790]
Event: 1.854 Thread 0x000002f02dc258f0 Exception <a 'java/lang/NoSuchMethodError'{0x0000000718d52a98}: 'java.lang.Object java.lang.invoke.DirectMethodHandle$Holder.newInvokeSpecial(java.lang.Object, java.lang.Object, java.lang.Object, java.lang.Object, java.lang.Object, java.lang.Object, java.lang.Object)'> (0x0000000718d52a98) 
thrown [t:\workspace\open\src\hotspot\share\interpreter\linkResolver.cpp, line 790]
Event: 1.854 Thread 0x000002f02dc258f0 Exception <a 'java/lang/NoSuchMethodError'{0x0000000718d57850}: 'java.lang.Object java.lang.invoke.Invokers$Holder.linkToTargetMethod(java.lang.Object, java.lang.Object, java.lang.Object, java.lang.Object, java.lang.Object, java.lang.Object, java.lang.Object)'> (0x0000000718d57850) 
thrown [t:\workspace\open\src\hotspot\share\interpreter\linkResolver.cpp, line 790]
Event: 1.855 Thread 0x000002f02dc258f0 Exception <a 'java/lang/NoSuchMethodError'{0x0000000718d5e098}: 'java.lang.Object java.lang.invoke.DirectMethodHandle$Holder.invokeInterface(java.lang.Object, java.lang.Object, java.lang.Object, java.lang.Object, java.lang.Object)'> (0x0000000718d5e098) 
thrown [t:\workspace\open\src\hotspot\share\interpreter\linkResolver.cpp, line 790]
Event: 1.855 Thread 0x000002f02dc258f0 Exception <a 'java/lang/IncompatibleClassChangeError'{0x0000000718d62090}: Found class java.lang.Object, but interface was expected> (0x0000000718d62090) 
thrown [t:\workspace\open\src\hotspot\share\interpreter\linkResolver.cpp, line 857]
Event: 1.942 Thread 0x000002f02dc258f0 Exception <a 'java/io/FileNotFoundException'{0x0000000718bbbad0}> (0x0000000718bbbad0) 
thrown [t:\workspace\open\src\hotspot\share\prims\jni.cpp, line 579]
Event: 2.015 Thread 0x000002f02dc258f0 Exception <a 'java/lang/IncompatibleClassChangeError'{0x0000000718414e78}: Found class java.lang.Object, but interface was expected> (0x0000000718414e78) 
thrown [t:\workspace\open\src\hotspot\share\interpreter\linkResolver.cpp, line 857]
Event: 2.038 Thread 0x000002f02dc258f0 Exception <a 'java/lang/NoSuchMethodError'{0x00000007184dd5f0}: 'int java.lang.invoke.DirectMethodHandle$Holder.invokeSpecial(java.lang.Object, java.lang.Object, java.lang.Object, java.lang.Object)'> (0x00000007184dd5f0) 
thrown [t:\workspace\open\src\hotspot\share\interpreter\linkResolver.cpp, line 790]
Event: 2.060 Thread 0x000002f02dc258f0 Exception <a 'java/lang/NoSuchMethodError'{0x0000000718587608}: 'void java.lang.invoke.DirectMethodHandle$Holder.invokeStatic(java.lang.Object, java.lang.Object, java.lang.Object, java.lang.Object, java.lang.Object, java.lang.Object)'> (0x0000000718587608) 
thrown [t:\workspace\open\src\hotspot\share\interpreter\linkResolver.cpp, line 790]
Event: 2.071 Thread 0x000002f02dc258f0 Exception <a 'java/lang/NoSuchMethodError'{0x00000007185f0058}: 'java.lang.Object java.lang.invoke.DirectMethodHandle$Holder.invokeSpecial(java.lang.Object, java.lang.Object, java.lang.Object, java.lang.Object, java.lang.Object, java.lang.Object, int)'> (0x00000007185f0058) 
thrown [t:\workspace\open\src\hotspot\share\interpreter\linkResolver.cpp, line 790]
Event: 2.072 Thread 0x000002f02dc258f0 Exception <a 'java/lang/NoSuchMethodError'{0x00000007185fb700}: 'java.lang.Object java.lang.invoke.DirectMethodHandle$Holder.newInvokeSpecial(java.lang.Object, java.lang.Object, java.lang.Object, java.lang.Object, java.lang.Object, java.lang.Object, int)'> (0x00000007185fb700) 
thrown [t:\workspace\open\src\hotspot\share\interpreter\linkResolver.cpp, line 790]
Event: 2.072 Thread 0x000002f02dc258f0 Exception <a 'java/lang/NoSuchMethodError'{0x00000007182013a8}: 'java.lang.Object java.lang.invoke.DirectMethodHandle$Holder.invokeSpecial(java.lang.Object, java.lang.Object, java.lang.Object, java.lang.Object, java.lang.Object, java.lang.Object, java.lang.Object, int)'> (0x00000007182013a8) 
thrown [t:\workspace\open\src\hotspot\share\interpreter\linkResolver.cpp, line 790]
Event: 2.140 Thread 0x000002f02dc258f0 Exception <a 'java/lang/NoSuchMethodError'{0x00000007180206e8}: 'java.lang.Object java.lang.invoke.DirectMethodHandle$Holder.invokeSpecial(java.lang.Object, java.lang.Object, java.lang.Object, int, java.lang.Object)'> (0x00000007180206e8) 
thrown [t:\workspace\open\src\hotspot\share\interpreter\linkResolver.cpp, line 790]
Event: 2.141 Thread 0x000002f02dc258f0 Exception <a 'java/lang/NoSuchMethodError'{0x0000000718029878}: 'java.lang.Object java.lang.invoke.DirectMethodHandle$Holder.newInvokeSpecial(java.lang.Object, java.lang.Object, java.lang.Object, int, java.lang.Object)'> (0x0000000718029878) 
thrown [t:\workspace\open\src\hotspot\share\interpreter\linkResolver.cpp, line 790]
Event: 2.142 Thread 0x000002f02dc258f0 Exception <a 'java/lang/NoSuchMethodError'{0x0000000718031ab0}: 'java.lang.Object java.lang.invoke.Invokers$Holder.linkToTargetMethod(java.lang.Object, java.lang.Object, int, java.lang.Object, java.lang.Object)'> (0x0000000718031ab0) 
thrown [t:\workspace\open\src\hotspot\share\interpreter\linkResolver.cpp, line 790]
Event: 2.144 Thread 0x000002f02dc258f0 Exception <a 'java/lang/NoSuchMethodError'{0x00000007180426e8}: 'java.lang.Object java.lang.invoke.DirectMethodHandle$Holder.newInvokeSpecial(java.lang.Object, int, java.lang.Object)'> (0x00000007180426e8) 
thrown [t:\workspace\open\src\hotspot\share\interpreter\linkResolver.cpp, line 790]
Event: 2.187 Thread 0x000002f02dc258f0 Exception <a 'java/lang/NoSuchMethodError'{0x0000000718190af0}: 'void java.lang.invoke.DirectMethodHandle$Holder.invokeStaticInit(java.lang.Object, java.lang.Object)'> (0x0000000718190af0) 
thrown [t:\workspace\open\src\hotspot\share\interpreter\linkResolver.cpp, line 790]
Event: 2.295 Thread 0x000002f0524ce0c0 Exception <a 'java/lang/NoClassDefFoundError'{0x0000000717c18080}: javax/validation/Validation> (0x0000000717c18080) 
thrown [t:\workspace\open\src\hotspot\share\classfile\systemDictionary.cpp, line 245]
Event: 2.353 Thread 0x000002f0524ce0c0 Exception <a 'java/lang/NoSuchMethodError'{0x0000000717bcb6a8}: 'java.lang.Object java.lang.invoke.DirectMethodHandle$Holder.invokeStaticInit(java.lang.Object, java.lang.Object, java.lang.Object, java.lang.Object, java.lang.Object)'> (0x0000000717bcb6a8) 
thrown [t:\workspace\open\src\hotspot\share\interpreter\linkResolver.cpp, line 790]

Events (20 events):
Event: 2.366 loading class jdk/xml/internal/JdkXmlFeatures$XmlFeature
Event: 2.366 loading class jdk/xml/internal/JdkXmlFeatures$XmlFeature done
Event: 2.366 loading class jdk/xml/internal/JdkXmlFeatures$State
Event: 2.367 loading class jdk/xml/internal/JdkXmlFeatures$State done
Event: 2.367 loading class com/sun/org/apache/xalan/internal/utils/XMLSecurityPropertyManager
Event: 2.367 loading class com/sun/org/apache/xalan/internal/utils/FeaturePropertyBase
Event: 2.367 loading class com/sun/org/apache/xalan/internal/utils/FeaturePropertyBase done
Event: 2.367 loading class com/sun/org/apache/xalan/internal/utils/XMLSecurityPropertyManager done
Event: 2.367 loading class com/sun/org/apache/xalan/internal/utils/FeaturePropertyBase$State
Event: 2.367 loading class com/sun/org/apache/xalan/internal/utils/FeaturePropertyBase$State done
Event: 2.367 loading class com/sun/org/apache/xalan/internal/utils/XMLSecurityPropertyManager$Property
Event: 2.367 loading class com/sun/org/apache/xalan/internal/utils/XMLSecurityPropertyManager$Property done
Event: 2.367 loading class com/sun/org/apache/xalan/internal/utils/XMLSecurityManager
Event: 2.368 loading class com/sun/org/apache/xalan/internal/utils/XMLSecurityManager done
Event: 2.368 loading class com/sun/org/apache/xalan/internal/utils/XMLSecurityManager$Limit
Event: 2.368 loading class com/sun/org/apache/xalan/internal/utils/XMLSecurityManager$Limit done
Event: 2.368 loading class com/sun/org/apache/xalan/internal/utils/XMLSecurityManager$State
Event: 2.368 loading class com/sun/org/apache/xalan/internal/utils/XMLSecurityManager$State done
Event: 2.368 loading class com/sun/org/apache/xalan/internal/utils/XMLSecurityManager$NameMap
Event: 2.368 loading class com/sun/org/apache/xalan/internal/utils/XMLSecurityManager$NameMap done


Dynamic libraries:
0x00007ff6a5db0000 - 0x00007ff6a5dc0000 	C:\Program Files\Java\jdk-16.0.1\bin\java.exe
0x00007ffd2c830000 - 0x00007ffd2ca25000 	C:\Windows\SYSTEM32\ntdll.dll
0x00007ffd122d0000 - 0x00007ffd122e6000 	C:\Program Files\Avast Software\Avast\aswhook.dll
0x00007ffd2c3b0000 - 0x00007ffd2c46e000 	C:\Windows\System32\KERNEL32.DLL
0x00007ffd29f40000 - 0x00007ffd2a208000 	C:\Windows\System32\KERNELBASE.dll
0x00007ffd2a560000 - 0x00007ffd2a660000 	C:\Windows\System32\ucrtbase.dll
0x00007ffd16960000 - 0x00007ffd16978000 	C:\Program Files\Java\jdk-16.0.1\bin\jli.dll
0x00007ffd2b720000 - 0x00007ffd2b7cc000 	C:\Windows\System32\ADVAPI32.dll
0x00007ffd2b7d0000 - 0x00007ffd2b86e000 	C:\Windows\System32\msvcrt.dll
0x00007ffd2bc60000 - 0x00007ffd2bcfb000 	C:\Windows\System32\sechost.dll
0x00007ffd2b580000 - 0x00007ffd2b6aa000 	C:\Windows\System32\RPCRT4.dll
0x00007ffd2bf00000 - 0x00007ffd2c0a1000 	C:\Windows\System32\USER32.dll
0x00007ffd2a3f0000 - 0x00007ffd2a412000 	C:\Windows\System32\win32u.dll
0x00007ffd2be20000 - 0x00007ffd2be4b000 	C:\Windows\System32\GDI32.dll
0x00007ffd2a450000 - 0x00007ffd2a55d000 	C:\Windows\System32\gdi32full.dll
0x00007ffd2a260000 - 0x00007ffd2a2fd000 	C:\Windows\System32\msvcp_win.dll
0x00007ffd20670000 - 0x00007ffd20689000 	C:\Program Files\Java\jdk-16.0.1\bin\VCRUNTIME140.dll
0x00007ffd28690000 - 0x00007ffd2869a000 	C:\Windows\SYSTEM32\VERSION.dll
0x00007ffd29430000 - 0x00007ffd296ca000 	C:\Windows\WinSxS\amd64_microsoft.windows.common-controls_6595b64144ccf1df_6.0.19041.1110_none_60b5254171f9507e\COMCTL32.dll
0x00007ffd2bc30000 - 0x00007ffd2bc60000 	C:\Windows\System32\IMM32.DLL
0x00007ffd254a0000 - 0x00007ffd254ac000 	C:\Program Files\Java\jdk-16.0.1\bin\vcruntime140_1.dll
0x00007ffd0bc10000 - 0x00007ffd0bca1000 	C:\Program Files\Java\jdk-16.0.1\bin\msvcp140.dll
0x00007ffcdc120000 - 0x00007ffcdcccb000 	C:\Program Files\Java\jdk-16.0.1\bin\server\jvm.dll
0x00007ffd2c470000 - 0x00007ffd2c478000 	C:\Windows\System32\PSAPI.DLL
0x00007ffd10f70000 - 0x00007ffd10f79000 	C:\Windows\SYSTEM32\WSOCK32.dll
0x00007ffd2c1e0000 - 0x00007ffd2c24b000 	C:\Windows\System32\WS2_32.dll
0x00007ffd20920000 - 0x00007ffd20947000 	C:\Windows\SYSTEM32\WINMM.dll
0x00007ffd28640000 - 0x00007ffd28652000 	C:\Windows\SYSTEM32\kernel.appcore.dll
0x00007ffd24f50000 - 0x00007ffd24f5a000 	C:\Program Files\Java\jdk-16.0.1\bin\jimage.dll
0x00007ffd29940000 - 0x00007ffd29b24000 	C:\Windows\SYSTEM32\DBGHELP.DLL
0x00007ffd29890000 - 0x00007ffd298bc000 	C:\Windows\SYSTEM32\dbgcore.DLL
0x00007ffd2a300000 - 0x00007ffd2a382000 	C:\Windows\System32\bcryptPrimitives.dll
0x00007ffd16720000 - 0x00007ffd1672e000 	C:\Program Files\Java\jdk-16.0.1\bin\instrument.dll
0x00007ffd168f0000 - 0x00007ffd16915000 	C:\Program Files\Java\jdk-16.0.1\bin\java.dll
0x00007ffd2a870000 - 0x00007ffd2afb4000 	C:\Windows\System32\SHELL32.dll
0x00007ffd27ea0000 - 0x00007ffd28634000 	C:\Windows\SYSTEM32\windows.storage.dll
0x00007ffd2b8d0000 - 0x00007ffd2bc25000 	C:\Windows\System32\combase.dll
0x00007ffd29160000 - 0x00007ffd2918e000 	C:\Windows\SYSTEM32\Wldp.dll
0x00007ffd2be50000 - 0x00007ffd2befd000 	C:\Windows\System32\SHCORE.dll
0x00007ffd2b6c0000 - 0x00007ffd2b715000 	C:\Windows\System32\shlwapi.dll
0x00007ffd29e80000 - 0x00007ffd29e9f000 	C:\Windows\SYSTEM32\profapi.dll
0x00007ffd10d10000 - 0x00007ffd10d28000 	C:\Program Files\Java\jdk-16.0.1\bin\zip.dll
0x00007ffd12f30000 - 0x00007ffd12f49000 	C:\Program Files\Java\jdk-16.0.1\bin\net.dll
0x00007ffd23e80000 - 0x00007ffd23f8c000 	C:\Windows\SYSTEM32\WINHTTP.dll
0x00007ffd28f40000 - 0x00007ffd28faa000 	C:\Windows\system32\mswsock.dll
0x00007ffd10d30000 - 0x00007ffd10d43000 	C:\Program Files\Java\jdk-16.0.1\bin\nio.dll
0x00007ffd10cf0000 - 0x00007ffd10d0a000 	C:\Program Files\JetBrains\IntelliJ IDEA 2021.1.2\bin\breakgen64.dll
0x00007ffd21eb0000 - 0x00007ffd21ec0000 	C:\Program Files\Java\jdk-16.0.1\bin\verify.dll
0x00007ffd20660000 - 0x00007ffd20669000 	C:\Program Files\Java\jdk-16.0.1\bin\management.dll
0x00007ffd20620000 - 0x00007ffd2062b000 	C:\Program Files\Java\jdk-16.0.1\bin\management_ext.dll
0x00007ffd0a830000 - 0x00007ffd0a847000 	C:\Windows\system32\napinsp.dll
0x00007ffd0a700000 - 0x00007ffd0a71b000 	C:\Windows\system32\pnrpnsp.dll
0x00007ffd23b90000 - 0x00007ffd23ba5000 	C:\Windows\system32\wshbth.dll
0x00007ffd24e30000 - 0x00007ffd24e4d000 	C:\Windows\system32\NLAapi.dll
0x00007ffd28c50000 - 0x00007ffd28c8b000 	C:\Windows\SYSTEM32\IPHLPAPI.DLL
0x00007ffd28c90000 - 0x00007ffd28d5b000 	C:\Windows\SYSTEM32\DNSAPI.dll
0x00007ffd2b6b0000 - 0x00007ffd2b6b8000 	C:\Windows\System32\NSI.dll
0x00007ffd0a810000 - 0x00007ffd0a822000 	C:\Windows\System32\winrnr.dll
0x00007ffd1fdb0000 - 0x00007ffd1fdba000 	C:\Windows\System32\rasadhlp.dll
0x00007ffd20150000 - 0x00007ffd201cf000 	C:\Windows\System32\fwpuclnt.dll
0x00007ffd2a420000 - 0x00007ffd2a447000 	C:\Windows\System32\bcrypt.dll

dbghelp: loaded successfully - version: 4.0.5 - missing functions: none
symbol engine: initialized successfully - sym options: 0x614 - pdb path: .;C:\Program Files\Java\jdk-16.0.1\bin;C:\Windows\SYSTEM32;C:\Program Files\Avast Software\Avast;C:\Windows\WinSxS\amd64_microsoft.windows.common-controls_6595b64144ccf1df_6.0.19041.1110_none_60b5254171f9507e;C:\Program Files\Java\jdk-16.0.1\bin\server;C:\Program Files\JetBrains\IntelliJ IDEA 2021.1.2\bin

VM Arguments:
jvm_args: -ea -Didea.test.cyclic.buffer.size=1048576 -javaagent:C:\Program Files\JetBrains\IntelliJ IDEA 2021.1.2\lib\idea_rt.jar=63581:C:\Program Files\JetBrains\IntelliJ IDEA 2021.1.2\bin -Dfile.encoding=UTF-8 
java_command: com.intellij.rt.junit.JUnitStarter -ideVersion5 -junit5 com.example.task17.Task17ApplicationTests
java_class_path (initial): C:\Program Files\JetBrains\IntelliJ IDEA 2021.1.2\lib\idea_rt.jar;C:\Users\Russell\.m2\repository\org\junit\platform\junit-platform-launcher\1.8.2\junit-platform-launcher-1.8.2.jar;C:\Users\Russell\.m2\repository\org\junit\vintage\junit-vintage-engine\5.8.2\junit-vintage-engine-5.8.2.jar;C:\Program Files\JetBrains\IntelliJ IDEA 2021.1.2\plugins\junit\lib\junit5-rt.jar;C:\Program Files\JetBrains\IntelliJ IDEA 2021.1.2\plugins\junit\lib\junit-rt.jar;C:\Users\Russell\IdeaProjects\task17\target\test-classes;C:\Users\Russell\IdeaProjects\task17\target\classes;C:\Users\Russell\.m2\repository\org\springframework\boot\spring-boot-starter-data-mongodb\2.6.2\spring-boot-starter-data-mongodb-2.6.2.jar;C:\Users\Russell\.m2\repository\org\springframework\boot\spring-boot-starter\2.6.2\spring-boot-starter-2.6.2.jar;C:\Users\Russell\.m2\repository\org\springframework\boot\spring-boot-starter-logging\2.6.2\spring-boot-starter-logging-2.6.2.jar;C:\Users\Russell\.m2\repository\ch\qos\logback\logback-classic\1.2.9\logback-classic-1.2.9.jar;C:\Users\Russell\.m2\repository\ch\qos\logback\logback-core\1.2.9\logback-core-1.2.9.jar;C:\Users\Russell\.m2\repository\org\apache\logging\log4j\log4j-to-slf4j\2.17.0\log4j-to-slf4j-2.17.0.jar;C:\Users\Russell\.m2\repository\org\apache\logging\log4j\log4j-api\2.17.0\log4j-api-2.17.0.jar;C:\Users\Russell\.m2\repository\org\slf4j\jul-to-slf4j\1.7.32\jul-to-slf4j-1.7.32.jar;C:\Users\Russell\.m2\repository\jakarta\annotation\jakarta.annotation-api\1.3.5\jakarta.annotation-api-1.3.5.jar;C:\Users\Russell\.m2\repository\org\yaml\snakeyaml\1.29\snakeyaml-1.29.jar;C:\Users\Russell\.m2\repository\org\mongodb\mongodb-driver-sync\4.4.0\mongodb-driver-sync-4.4.0.jar;C:\Users\Russell\.m2\repository\org\mongodb\bson\4.4.0\bson-4.4.0.jar;C:\Users\Russell\.m2\repository\org\mongodb\mongodb-driver-core\4.4.0\mongodb-driver-core-4.4.0.jar;C:\Users\Russell\.m2\repository\org\springframework\data\spring-data-mongodb\3.3.0\spring-data-mongod
Launcher Type: SUN_STANDARD

[Global flags]
     intx CICompilerCount                          = 3                                         {product} {ergonomic}
     uint ConcGCThreads                            = 2                                         {product} {ergonomic}
     uint G1ConcRefinementThreads                  = 6                                         {product} {ergonomic}
   size_t G1HeapRegionSize                         = 2097152                                   {product} {ergonomic}
    uintx GCDrainStackTargetSize                   = 64                                        {product} {ergonomic}
   size_t InitialHeapSize                          = 257949696                                 {product} {ergonomic}
   size_t MarkStackSize                            = 4194304                                   {product} {ergonomic}
   size_t MaxHeapSize                              = 4125097984                                {product} {ergonomic}
   size_t MaxNewSize                               = 2474639360                                {product} {ergonomic}
   size_t MinHeapDeltaBytes                        = 2097152                                   {product} {ergonomic}
   size_t MinHeapSize                              = 8388608                                   {product} {ergonomic}
    uintx NonNMethodCodeHeapSize                   = 5832780                                {pd product} {ergonomic}
    uintx NonProfiledCodeHeapSize                  = 122912730                              {pd product} {ergonomic}
    uintx ProfiledCodeHeapSize                     = 122912730                              {pd product} {ergonomic}
    uintx ReservedCodeCacheSize                    = 251658240                              {pd product} {ergonomic}
     bool SegmentedCodeCache                       = true                                      {product} {ergonomic}
   size_t SoftMaxHeapSize                          = 4125097984                             {manageable} {ergonomic}
     bool UseCompressedClassPointers               = true                           {product lp64_product} {ergonomic}
     bool UseCompressedOops                        = true                           {product lp64_product} {ergonomic}
     bool UseG1GC                                  = true                                      {product} {ergonomic}
     bool UseLargePagesIndividualAllocation        = false                                  {pd product} {ergonomic}

Logging:
Log output configuration:
 #0: stdout all=warning uptime,level,tags
 #1: stderr all=off uptime,level,tags

Environment Variables:
PATH=C:\Program Files\Common Files\Oracle\Java\javapath;C:\Program Files (x86)\Common Files\Oracle\Java\javapath;C:\Windows\system32;C:\Windows;C:\Windows\System32\Wbem;C:\Windows\System32\WindowsPowerShell\v1.0\;C:\Windows\System32\OpenSSH\;C:\Program Files\Git\cmd;C:\Program Files\Docker\Docker\resources\bin;C:\ProgramData\DockerDesktop\version-bin;C:\Program Files\MySQL\MySQL Shell 8.0\bin\;C:\Users\Russell\AppData\Local\Microsoft\WindowsApps;
USERNAME=Russell
OS=Windows_NT
PROCESSOR_IDENTIFIER=AMD64 Family 23 Model 96 Stepping 1, AuthenticAMD



---------------  S Y S T E M  ---------------

OS:
 Windows 10 , 64 bit Build 19041 (10.0.19041.1348)
OS uptime: 0 days 12:54 hours
Hyper-V role detected

CPU: total 6 (initial active 6) (6 cores per cpu, 1 threads per core) family 23 model 96 stepping 1 microcode 0x0, cx8, cmov, fxsr, mmx, 3dnowpref, sse, sse2, sse3, ssse3, sse4a, sse4.1, sse4.2, popcnt, lzcnt, tsc, tscinvbit, avx, avx2, aes, clmul, bmi1, bmi2, adx, sha, fma, vzeroupper, clflush, clflushopt, hv

Memory: 4k page, system-wide physical 15733M (3176M free)
TotalPageFile size 17781M (AvailPageFile size 5M)
current process WorkingSet (physical memory assigned to process): 127M, peak: 127M
current process commit charge ("private bytes"): 381M, peak: 381M

vm_info: Java HotSpot(TM) 64-Bit Server VM (16.0.1+9-24) for windows-amd64 JRE (16.0.1+9-24), built on Mar 26 2021 19:31:42 by "mach5one" with MS VC++ 16.7 (VS2019)

END.
